1.0583109855651855 , 19
1.0086748600006104 , 28
1.0411951541900635 , 10
1.0422544479370117 , 14
1.1459264755249023 , 23
1.137251377105713 , 10
1.0230646133422852 , 16
1.1553704738616943 , 16
1.205568790435791 , 19
1.1624841690063477 , 22
1.3191938400268555 , 8
1.0095267295837402 , 17
1.0997846126556396 , 11
1.3541853427886963 , 16
1.0415503978729248 , 12
1.0791490077972412 , 9
1.2738914489746094 , 6
1.0808641910552979 , 13
1.1801252365112305 , 3
1.1037325859069824 , 13
1.0552003383636475 , 12
1.0238463878631592 , 15
1.311776876449585 , 18
1.0655412673950195 , 22
1.1461293697357178 , 18
1.0996193885803223 , 26
1.060732364654541 , 23
1.0002861022949219 , 29
1.024855136871338 , 22
1.0407917499542236 , 46
1.0669405460357666 , 32
1.0323572158813477 , 13
1.0471208095550537 , 15
1.0754904747009277 , 33
1.0000386238098145 , 21
1.0130815505981445 , 24
1.0785627365112305 , 17
1.0136439800262451 , 11
1.0823884010314941 , 13
1.0054271221160889 , 20
1.0143845081329346 , 16
1.0585787296295166 , 20
1.08626389503479 , 13
1.2685282230377197 , 7
1.1071748733520508 , 12
1.0236122608184814 , 6
1.033078908920288 , 11
1.0965042114257812 , 7
1.087817668914795 , 10
1.079590082168579 , 14
1.1224591732025146 , 12
1.073073387145996 , 25
1.144094467163086 , 14
1.0229816436767578 , 7
1.0133373737335205 , 20
1.104248285293579 , 24
1.0643641948699951 , 21
1.007565975189209 , 20
1.0664427280426025 , 14
1.029409408569336 , 8
1.1916134357452393 , 10
1.0208549499511719 , 8
1.1143059730529785 , 10
1.0777108669281006 , 3
1.0909337997436523 , 11
1.1280195713043213 , 42
1.006481647491455 , 19
1.0021345615386963 , 8
1.0602140426635742 , 17
1.1388216018676758 , 24
1.061830759048462 , 22
1.0222830772399902 , 32
1.0413892269134521 , 15
1.2848873138427734 , 18
1.3539073467254639 , 14
1.0264177322387695 , 10
1.1215498447418213 , 34
1.018444299697876 , 20
1.0112180709838867 , 22
1.0443134307861328 , 25
1.113187551498413 , 35
1.3468427658081055 , 21
1.0772907733917236 , 12
1.0822951793670654 , 7
1.2158746719360352 , 11
1.0321242809295654 , 15
1.263458490371704 , 12
1.076425313949585 , 13
1.1880238056182861 , 11
1.0030956268310547 , 20
1.0114216804504395 , 23
1.005387544631958 , 23
1.032855749130249 , 12
1.1064999103546143 , 17
1.0847384929656982 , 8
1.0245563983917236 , 12
1.3773810863494873 , 19
1.127666711807251 , 14
1.1480162143707275 , 16
1.141364574432373 , 19
1.0069944858551025 , 12
1.1255037784576416 , 11
1.0245180130004883 , 14
1.1209330558776855 , 9
1.0293333530426025 , 9
1.0250370502471924 , 10
1.2379884719848633 , 11
1.158113956451416 , 11
1.0057666301727295 , 18
1.0334765911102295 , 17
1.0999679565429688 , 24
1.1547644138336182 , 23
1.051506519317627 , 9
1.0489346981048584 , 13
1.00758695602417 , 24
1.0447847843170166 , 22
1.5103189945220947 , 29
1.0060722827911377 , 4
1.067392349243164 , 9
1.0206630229949951 , 8
1.0369524955749512 , 34
1.0291249752044678 , 27
1.0010066032409668 , 7
1.044264554977417 , 24
1.2740473747253418 , 24
1.4179391860961914 , 6
1.4208190441131592 , 9
1.4706594944000244 , 10
1.11262845993042 , 18
1.1707186698913574 , 31
1.0114023685455322 , 48
1.0150177478790283 , 13
1.0079824924468994 , 17
1.093430995941162 , 26
1.4336318969726562 , 7
1.4140193462371826 , 15
1.016601324081421 , 17
1.06900954246521 , 15
1.146446704864502 , 16
1.0067715644836426 , 20
1.344221830368042 , 12
1.4197185039520264 , 22
1.3677022457122803 , 6
1.0348854064941406 , 17
1.1114389896392822 , 32
1.4045813083648682 , 22
1.013749122619629 , 13
1.1717934608459473 , 9
1.3623855113983154 , 7
1.0107331275939941 , 17
1.0126538276672363 , 27
1.0187556743621826 , 16
1.1136362552642822 , 14
1.0138583183288574 , 21
1.1719591617584229 , 29
1.2925927639007568 , 22
1.1559388637542725 , 40
1.510979175567627 , 33
1.0114648342132568 , 15
1.1084046363830566 , 23
1.0008831024169922 , 21
1.4203310012817383 , 21
1.041774034500122 , 31
1.044931411743164 , 39
1.3450653553009033 , 25
1.0104284286499023 , 12
1.0995550155639648 , 12
1.4333951473236084 , 28
1.0164873600006104 , 33
1.2987587451934814 , 32
1.0040078163146973 , 21
1.3905043601989746 , 10
1.0243103504180908 , 26
1.0921306610107422 , 11
1.4730751514434814 , 12
1.455503225326538 , 23
1.043381690979004 , 25
1.072094440460205 , 28
1.0268757343292236 , 37
1.5339956283569336 , 28
1.298543930053711 , 12
1.0002052783966064 , 14
1.02903413772583 , 22
1.3421940803527832 , 14
1.1292438507080078 , 27
1.032583236694336 , 30
1.0117671489715576 , 40
1.244311809539795 , 32
1.0318896770477295 , 18
1.3415589332580566 , 9
1.0127019882202148 , 11
1.7028422355651855 , 6
1.3038959503173828 , 6
1.370779275894165 , 6
1.3353803157806396 , 15
1.4048466682434082 , 21
1.079768180847168 , 27
1.020315170288086 , 24
1.0407531261444092 , 31
1.1048030853271484 , 20
1.5204341411590576 , 20
1.0096478462219238 , 18
1.0266108512878418 , 12
1.2501029968261719 , 11
1.047999620437622 , 43
1.2118728160858154 , 20
1.0444257259368896 , 34
1.3587498664855957 , 12
1.3614513874053955 , 8
1.1109652519226074 , 40
1.5669748783111572 , 17
1.5406792163848877 , 13
1.2665796279907227 , 20
1.0292761325836182 , 19
1.050203800201416 , 7
1.0167121887207031 , 15
1.1097636222839355 , 16
1.0671300888061523 , 20
1.136141061782837 , 22
1.0438730716705322 , 17
1.1828365325927734 , 18
1.0371301174163818 , 23
1.6467578411102295 , 13
1.0413546562194824 , 16
1.5390915870666504 , 12
1.3856582641601562 , 10
1.0753579139709473 , 20
1.0157949924468994 , 8
1.4158449172973633 , 17
1.3843438625335693 , 15
1.3583400249481201 , 23
1.0397911071777344 , 33
1.0520448684692383 , 25
1.0493106842041016 , 15
1.0340142250061035 , 13
1.0063002109527588 , 17
1.0752630233764648 , 13
1.1799120903015137 , 26
1.0534641742706299 , 5
1.2627298831939697 , 14
1.09814453125 , 22
1.0864572525024414 , 14
1.34382963180542 , 7
1.3158581256866455 , 5
1.0560250282287598 , 11
1.1082284450531006 , 6
1.0834529399871826 , 9
1.1065552234649658 , 15
1.2603821754455566 , 10
1.0149755477905273 , 14
1.1127605438232422 , 19
1.4535915851593018 , 25
1.4625530242919922 , 14
1.489494800567627 , 9
1.0970518589019775 , 27
1.0429162979125977 , 11
1.0520820617675781 , 34
1.2813735008239746 , 19
1.0427136421203613 , 13
1.0272512435913086 , 23
1.6969146728515625 , 40
1.259533405303955 , 21
1.0461678504943848 , 23
1.160581350326538 , 13
1.0529699325561523 , 37
1.1428089141845703 , 24
1.0208117961883545 , 29
1.0329632759094238 , 33
1.3461554050445557 , 28
1.4375367164611816 , 6
1.0453298091888428 , 32
1.1462807655334473 , 37
1.0528573989868164 , 24
1.5913662910461426 , 22
1.0755360126495361 , 16
1.1028070449829102 , 11
1.0018041133880615 , 26
1.0031652450561523 , 62
1.0321855545043945 , 37
1.1039881706237793 , 14
1.042982578277588 , 9
1.0488874912261963 , 18
1.0840628147125244 , 5
1.4085636138916016 , 19
1.0117230415344238 , 31
1.2996315956115723 , 49
1.3337793350219727 , 16
1.401698350906372 , 9
1.108670711517334 , 18
1.039625644683838 , 8
1.4684138298034668 , 11
1.3720922470092773 , 27
1.3211584091186523 , 7
1.0373013019561768 , 21
1.1280486583709717 , 18
1.4250004291534424 , 19
1.0442898273468018 , 21
1.0499744415283203 , 8
1.4118289947509766 , 9
1.3018379211425781 , 5
1.43758225440979 , 9
1.1344859600067139 , 35
1.029184341430664 , 22
1.026545524597168 , 8
1.1427783966064453 , 27
1.0035076141357422 , 10
1.2975056171417236 , 3
1.0322351455688477 , 46
1.064791202545166 , 27
1.2695715427398682 , 10
1.0025653839111328 , 25
1.0987818241119385 , 24
1.000467300415039 , 26
1.1717689037322998 , 24
1.0158579349517822 , 20
1.110114574432373 , 16
1.4690964221954346 , 22
1.0216002464294434 , 35
1.006110668182373 , 33
1.0270683765411377 , 14
1.0118308067321777 , 19
1.2222089767456055 , 25
1.4721472263336182 , 20
1.0234498977661133 , 27
1.1606707572937012 , 26
1.4286282062530518 , 26
1.4107329845428467 , 30
1.4451813697814941 , 21
1.4548449516296387 , 19
1.0242950916290283 , 22
1.14796781539917 , 35
1.034630298614502 , 30
1.1382761001586914 , 12
1.0591022968292236 , 22
1.1721057891845703 , 23
1.3841822147369385 , 51
1.0479722023010254 , 34
1.1394202709197998 , 24
1.1102254390716553 , 11
1.3853518962860107 , 28
1.0399236679077148 , 30
1.1506907939910889 , 35
1.077467918395996 , 39
1.6717545986175537 , 27
1.0091445446014404 , 23
1.077287197113037 , 15
1.5061235427856445 , 14
1.3911192417144775 , 20
1.00486159324646 , 16
1.1320996284484863 , 29
1.055952787399292 , 19
1.1039438247680664 , 13
1.031259298324585 , 31
1.0064747333526611 , 45
1.040210485458374 , 22
1.1693754196166992 , 18
1.4036304950714111 , 16
1.3440461158752441 , 16
1.427995204925537 , 14
1.106797456741333 , 15
1.045849084854126 , 3
1.0119729042053223 , 35
1.0424115657806396 , 10
1.3411037921905518 , 14
1.207808494567871 , 4
1.0117013454437256 , 4
1.3812649250030518 , 2
1.00770902633667 , 14
1.0079588890075684 , 39
1.018738031387329 , 20
1.1152679920196533 , 17
1.0802972316741943 , 28
1.0295403003692627 , 22
1.0153899192810059 , 17
1.1489133834838867 , 19
1.0205295085906982 , 8
1.1827399730682373 , 12
1.4195947647094727 , 16
1.022789478302002 , 13
1.0532691478729248 , 26
1.043830394744873 , 22
1.065410852432251 , 9
1.0276825428009033 , 23
1.130638599395752 , 21
1.2565081119537354 , 13
1.3557312488555908 , 4
1.0363173484802246 , 14
1.0415408611297607 , 15
1.389000654220581 , 8
1.3173267841339111 , 11
1.435990571975708 , 7
1.4876954555511475 , 15
1.3745501041412354 , 14
1.0197422504425049 , 16
1.1162750720977783 , 13
1.3703045845031738 , 13
1.3735113143920898 , 12
1.0934207439422607 , 18
1.0075616836547852 , 14
1.0067822933197021 , 8
1.0704195499420166 , 7
1.4865317344665527 , 12
1.5489211082458496 , 27
1.5760760307312012 , 24
1.0035412311553955 , 33
1.2451369762420654 , 20
1.0408790111541748 , 20
1.1309826374053955 , 17
1.0360326766967773 , 24
1.0152192115783691 , 14
1.0718975067138672 , 17
1.1072406768798828 , 12
1.4468326568603516 , 15
1.4236993789672852 , 5
1.4190177917480469 , 16
1.0946681499481201 , 15
1.1045279502868652 , 3
1.0258374214172363 , 18
1.1490473747253418 , 14
1.4449903964996338 , 32
1.4123198986053467 , 33
1.4545388221740723 , 9
1.376162052154541 , 12
1.0652263164520264 , 16
1.1659283638000488 , 19
1.0689775943756104 , 35
1.128114938735962 , 12
1.3648338317871094 , 18
1.423781156539917 , 5
1.0278651714324951 , 14
1.0728671550750732 , 19
1.055579662322998 , 27
1.1157810688018799 , 9
1.3701989650726318 , 26
1.0223748683929443 , 39
1.2433667182922363 , 32
1.4387004375457764 , 10
1.633103370666504 , 42
1.4019677639007568 , 33
1.025404691696167 , 20
1.172422170639038 , 11
1.031883955001831 , 15
1.1321065425872803 , 12
1.4473092555999756 , 11
1.0546517372131348 , 20
1.16593599319458 , 27
1.4316515922546387 , 10
1.4040541648864746 , 12
1.4129517078399658 , 20
1.4352500438690186 , 17
1.2298433780670166 , 13
1.402146339416504 , 15
1.0311126708984375 , 13
1.1137361526489258 , 11
1.3527336120605469 , 6
1.0703678131103516 , 14
1.212402582168579 , 19
1.3508739471435547 , 16
1.4836139678955078 , 20
1.2169420719146729 , 16
1.5603785514831543 , 15
1.3159210681915283 , 14
1.329714298248291 , 7
1.3843412399291992 , 8
1.4179160594940186 , 4
1.011930227279663 , 15
1.0462381839752197 , 21
1.46567702293396 , 17
1.4719715118408203 , 23
1.3152830600738525 , 10
1.5688128471374512 , 28
1.487016201019287 , 32
1.082434892654419 , 31
1.20643949508667 , 22
1.50832200050354 , 33
1.3589842319488525 , 22
1.440511703491211 , 13
1.0546035766601562 , 20
1.1801626682281494 , 14
1.1011106967926025 , 31
1.1423442363739014 , 8
1.4672126770019531 , 12
1.798729419708252 , 5
1.0019752979278564 , 5
1.0155963897705078 , 12
1.0003681182861328 , 41
1.013373613357544 , 23
1.314516544342041 , 47
1.4135546684265137 , 30
1.0872585773468018 , 12
1.1379814147949219 , 27
1.014415979385376 , 22
1.325005054473877 , 19
1.4768197536468506 , 19
1.4348185062408447 , 18
1.02435302734375 , 25
1.220454454421997 , 20
1.3324847221374512 , 8
1.2700486183166504 , 20
1.3643665313720703 , 3
1.5691685676574707 , 11
1.0546276569366455 , 33
1.1063544750213623 , 9
1.0863938331604004 , 28
1.120159387588501 , 24
1.0536198616027832 , 24
1.0492000579833984 , 27
1.000321626663208 , 31
1.2202143669128418 , 19
1.4985027313232422 , 23
1.4439895153045654 , 23
1.2890129089355469 , 20
1.4674701690673828 , 17
1.380850076675415 , 12
1.508208990097046 , 17
1.4205429553985596 , 10
1.0684447288513184 , 20
1.179630994796753 , 7
1.3804023265838623 , 5
1.4863548278808594 , 7
1.4360723495483398 , 11
1.02022123336792 , 18
1.2835099697113037 , 26
1.075164556503296 , 13
1.145376205444336 , 14
1.4665038585662842 , 7
1.4364516735076904 , 6
1.0596551895141602 , 35
1.2463223934173584 , 20
1.4737451076507568 , 18
1.4637608528137207 , 25
1.05704665184021 , 18
1.1095960140228271 , 2
1.086463451385498 , 12
1.0850238800048828 , 9
1.4658148288726807 , 11
1.2513797283172607 , 9
1.0326824188232422 , 28
1.182516098022461 , 24
1.0127604007720947 , 40
1.425433874130249 , 36
1.05027174949646 , 22
1.2467355728149414 , 28
1.1681435108184814 , 29
1.014967679977417 , 7
1.38285493850708 , 3
1.1431031227111816 , 27
1.1686296463012695 , 21
1.3452537059783936 , 26
1.0784080028533936 , 19
1.2226860523223877 , 15
1.0458691120147705 , 23
1.0051164627075195 , 20
1.044727087020874 , 14
1.3592827320098877 , 16
1.4772167205810547 , 12
1.2696311473846436 , 11
1.4714138507843018 , 14
1.5046732425689697 , 19
1.0658314228057861 , 26
1.2205560207366943 , 12
1.3104839324951172 , 15
1.0549678802490234 , 35
1.2459044456481934 , 19
1.5154409408569336 , 15
1.0976502895355225 , 19
1.0795223712921143 , 21
1.0180399417877197 , 20
1.0399048328399658 , 49
1.0243418216705322 , 50
1.0412957668304443 , 27
1.498631477355957 , 48
1.4550724029541016 , 13
1.1243433952331543 , 20
1.0132088661193848 , 12
1.4376099109649658 , 4
1.1097772121429443 , 22
1.0639853477478027 , 18
1.5342721939086914 , 29
1.0111963748931885 , 46
1.0127339363098145 , 30
1.136094331741333 , 37
1.008167028427124 , 35
1.1610853672027588 , 16
1.5208017826080322 , 29
1.0288772583007812 , 14
1.0602185726165771 , 9
1.0867736339569092 , 30
1.1188125610351562 , 12
1.0217747688293457 , 30
1.2494797706604004 , 26
1.001051902770996 , 14
1.1382935047149658 , 13
1.5544524192810059 , 21
1.46586012840271 , 29
1.6214659214019775 , 43
1.0458333492279053 , 26
1.006324052810669 , 8
1.0275964736938477 , 23
1.2122070789337158 , 14
1.5320096015930176 , 18
