WRITE BACK KEY:  GX3M3KCHGU14JC9T19FGKWXXN7UQENPIYVL0P6ZT216WDY3199  VAL:  xmqm0yz2x423jtd31yd1tdjf0n8u1zbs8ub6zcmz48pd1wiwtd
WRITE BACK KEY:  DLDRMTPMK6CBIFBO25ATULU35TR5TOASSX6NETCRIPY8T98830  VAL:  x5sribu8x68pfng1qu5qkv58wt1agjxg7u7hlkg7goc3d0t8r2
WRITE BACK KEY:  R4VRUBTCBQFUQPXRX72AHECLDAE3IGK56HJCKNWQE9YLXVX510  VAL:  bzq7mmopk591plip5j5a7rb46s8dh4fg4e1r49uttmtn5xd14x
WRITE BACK KEY:  AXBHBCHDVK3OUAXV6FDLC8M0ICOUOFG7EQWQDZPB97RERO8508  VAL:  0z9muxdetytk95hbv106urvhdi0nnb3tmx4jzx2i2zqif8ebmb
WRITE BACK KEY:  TWC9RCVWWTXUPKZ0U3DQMRP32CKWAI3VF891T9ZQZLEG877167  VAL:  spm896u98bxiwi278nnqyk45c5f8n3toujorr13gh2y633cw2y
WRITE BACK KEY:  KSCSN6AL08E0PYT133TTHUNMLBZL5DNKXH762AJNW3ZA2VW542  VAL:  h6cf80ikhu2ry0wu0m2jisaz6raugdaqptes6ek5kxaj2hpe11
WRITE BACK KEY:  ZB921KBZA8EG5GQ5734QQK757GUV3X5H7RWK3P0M5NBNPE2746  VAL:  ccx9zwqgbby4px6bgu21pzxwy986vwwwpc5yvpbx3vtxqiiam3
WRITE BACK KEY:  41AN4T1ZD86LW6B7B8Y9J9TR4JZM5569N7SBER6QVWKYMR8942  VAL:  2lvncn1ka6e6rh24jkesok9e9sh1ss1h9rutmq3jiaa8720gil
WRITE BACK KEY:  5794HOT4TKT7BAXHKH5J9B7DQKJ694AV25ARM2E6FSALRY2684  VAL:  gbwb79dnhungj9z0udf5mxc6f34igz4z3h851akrv3rqp6rnfq
WRITE BACK KEY:  TXJCEF6SC053DZR3KL5WWN0PJ6PB33S35VGUPPGMP5KYZV9073  VAL:  rbae0ziea2j48n7hxdv5vc2ksvlio608879pvr47elewdfectx
WRITE BACK KEY:  IL1V0X5H8IUIWOFMZYESI52YBTTIYGS3I05MT0FH9490P3R371  VAL:  e0ph5xo8ibx7tyi9hhr3pwicfz28ftbazxlnqgp0g5fojakgnw
WRITE BACK KEY:  WN9DU6L9WU2YRDIXO3JZTQHFVU1G45G2S9X3I86WY4FLJM8940  VAL:  5llmh07ryy674g6me1c09398lfi0uus232g3hg4nqytb8v315x
WRITE BACK KEY:  WYNMYLFDZDKIIM5TPBQBV7X1SRAZCW9QD3UINBRIOV2L4A1500  VAL:  gq234pb7nsz6025p6t4w0jhfp8qqu9nfu1qm2whxldhks8p7ll
WRITE BACK KEY:  2B1VTT2W8V4V6XRYCI2MYKSQHPXZZN652XAS3N3X2K15Y07029  VAL:  kd4txhgcpfby77fh7sj1dkj5hmzxx7as7hq0r3ya7dj9j4bjwn
WRITE BACK KEY:  BUOWV5GRJSO9G7U7GFVX9ZCXUUVG9NSOFKMWN12ZAITNL43085  VAL:  3tx2ck03r3ialr4w8hoj87nf6sfiexyk3gi74322hwtaju3foe
WRITE BACK KEY:  Y1HVP98LIXDA8Y263TYX41YCJ4PEF5UHMNURA40Q5MO0F79348  VAL:  rjxtcd2gzlp5l1ldf1q92c74ioxi8qqerchx2ofbvx36jbw9mp
WRITE BACK KEY:  R96F8F3HT05MN4S5S6TQYY4CWPEQ31U96RDPNXQAKDOYN07056  VAL:  0ghffo3hox1hoz9pmzn7ygai7wh0jbq0z90t8p4bx45pff5u9m
WRITE BACK KEY:  47VHBNDFQ3Z7AO1W87E7E1YPWDPLHOU7P1A6D9LI6WSOU25802  VAL:  9b4cex9czyx5gdotvanoc93vxomqvhp1g6kf27xzn9d1nplbgj
WRITE BACK KEY:  N7158C33CSAKS2KMO6KVSVZF6HJDPZRMAWU319RXT6PZ765494  VAL:  9qq7rqhj6ttsayoisof2k1k1m0vylibruepxduh0wouzlxrhy3
WRITE BACK KEY:  UHFF7I70Y4LVHUAVB3G7YL47H8A4HZQF5W7U4P1MNY4OVD4263  VAL:  09mjpa8w91a3zqz21rykmg30478oad5jp78xqdsz7l2kdfi14y
WRITE BACK KEY:  DICCGCSIZU6APAENHNPWW81LI7SN570ZZ5EVMBKIEHDHS46416  VAL:  icrwgk3ojquh8bc2n3ya1texbe9du5j1kl7gzvnztvg29k8h3p
WRITE BACK KEY:  VVJ4XI21Z9BEFQ21U1HQWL3PHPGTUJKANTHAATI6MOEPD59536  VAL:  hys3045hwbqiwx85geymzyh6jgrc8p7w5nva4si4gz20sr1jme
WRITE BACK KEY:  45XFUBC9I8EIXHLGR5I2BYMQD1ANR6K89FLWYUP9NW6YVRF684  VAL:  zh17cq0dd6d3xmcc45osh88g65gkzuvktpif04ort6uzz7pq2i
WRITE BACK KEY:  KBO7GQIJP0IXLIIV360L4NVHE79RUI3L9622H68X9KB04O4758  VAL:  qhj6xacfktvqsexbmsn12gii5u9kodcype85ucazz03epnwtc7
WRITE BACK KEY:  ZWO74HSG0OARSO9R1WLQ83KDHLUL77W9Q9N0M9LKI7ZGP58962  VAL:  14bm5zfzcg4vauru4h2c0p1jwl560otzjt087f0jtg63bmm75e
WRITE BACK KEY:  IDBJCM4BW30PCYGLMWI6N657CTSDOOARSKQ8KMIPQQ2WOV3049  VAL:  s629aiyeuj5g1kyh94owll1kbc9u0dqixigjt653r92s4pe72p
WRITE BACK KEY:  JO771CJ90GEXSE3F6NAZCFUVDAOL0V69CB1C34ATI1249F5567  VAL:  t2evy0cxyqm2cryrdtsilqhid7tz4h0s2ogyhoh9gu21nssls7
WRITE BACK KEY:  7PL7HORN52ORVDPRBWD38R47P1ISCCTL6230PI302PEWCD2381  VAL:  jf072e6ke5ubg10y6ee42x7ubw79hcpuvoa7oqowqj90klgyvn
WRITE BACK KEY:  ETS6N4UR7C0HHT348LFAF635SHTDTF1KALJ5DXF2KORG1FC383  VAL:  qx0hkgh97ii9sknvgmzxo1owl0rdzw13iy0vixw60sktbem1ba
WRITE BACK KEY:  76PT9NNI4EVTKY8N361W4VMVVUATKA4H6O0QC54DFZ2UGH5605  VAL:  m6abwbfa91emjln45a4ot4pgopmv6k1m4loeez3affyw8vypcu
WRITE BACK KEY:  GBU8QICRPI42YLDP3YYA15H6MMTAOWFPETZ1GWPXYNT0P46118  VAL:  upujol7x09oyuqrpqh3iyhvgt7n0ru6uuszapqijxg6vakffzp
WRITE BACK KEY:  KTSZE9L4HC3WWWYXPVO1XNH2OV5H9IX4ZCE30LSJQB55QHF224  VAL:  wylvcafrdzkgoq47r6b5fq1q4hgbhyydi0lnj3r2dwytz4fvl1
WRITE BACK KEY:  CX0IOKVAU8DX3WN67FGYCZWGX9CTWWUPSQHLC1P0GQ2RD04387  VAL:  f2lauod9bxttxscsxvbv9tynv60iyfb04k3f9adph5ycr0rt8a
WRITE BACK KEY:  B3D6GGFV2GJGQ6AA4WABUSF5VUHNWDKMRSNQ2AZY1P23QG9544  VAL:  nyiv07v6xfqcaqdw8tiw0mianren7xqkbogc6l7srrnbfmek2j
WRITE BACK KEY:  AVY8SYEL7T8C1TVTDT79CRIG6GO6H8GDYJTAC56QCN5RZ12501  VAL:  ljv8fpkt3gyprbmrigq1ci2gxa01siw1y64rdzrh4wgvva7vsf
WRITE BACK KEY:  2F2HXTVBQ033DDCWGIYSR5U5FXG9FPZAG6BKH73GRMCJH13918  VAL:  u0r8ii7d0wyij2l5npyticjue9inbb2ek2xgvyjb68dlptelbj
WRITE BACK KEY:  7TZ6PT466XX7XGYKFEUOYUDJAXZNMLDEJ948CDQC20J0O01677  VAL:  efnkhjlo48oww7q7qy6p89u9sr5qa351crlshij27hl3movy5g
WRITE BACK KEY:  8MWV4EJ9YVRI6Z09CZBEOYYQQRQPGTJRFSA6OSYWNSWV698251  VAL:  jpzczkvbd0ni7vb7e6r6omu29f3ym9as43z91st47v08zxy5ls
WRITE BACK KEY:  9AWJNP4EZ7VKG36TRASWXI4H4NTSC1E7KZ1DUAQ3EN777P8886  VAL:  rj4fzngt4vi4za43g5atdaa3af8llqralw30nq3y1tuvltb8wl
WRITE BACK KEY:  691RNFRX4UDPXUWZHS120DOI86FNK6V4D49GVBRCOOY6AA4499  VAL:  ox3xmj0oyhixlzf4trbbpce1b8bwwxycxaylbqm515yrvn2yyn
WRITE BACK KEY:  NI2330NJYYL792ONVHA4UYABPS7Z39X1TBARQK2WAJVIL43752  VAL:  mp5ebui4wga46akand3cm5ydmp5280c5gw9clqbgkoo5l4czgp
WRITE BACK KEY:  6WZT0ROQ4QNNWIJO54ZP32P5PHFJIZLZT7MJQ3KVP2DGRN5741  VAL:  a5fozt9kd7ax5gcovdjxpk2no4jgjyaxmc1n0jrwenwtzt5f89
WRITE BACK KEY:  DXLT3P81FE1COHNPTHBKAP13K1U9MKPJNCRKVAXRPOJ8D27613  VAL:  673khow2r0sgf8riyggpus386tow9d8uwbgxixr7fqsi0952ky
WRITE BACK KEY:  CCNAXI22S2A7OWVXL9FEBK92OXM6K3PTFXN87ME58HEXD68829  VAL:  0vx196v4lioo7mo756zdgj2kf2unf220e1gjtgy4nuypzhv1k5
WRITE BACK KEY:  WKN6CRYOTB73DU9IYQQHUMNDJQFII08FZ1BBF1SA5L47V67802  VAL:  o8onwjxdkdwj6ye8okw6d9tudnhne9u6pgtrgjpzw6wg3eof05
WRITE BACK KEY:  Z2SAYD0FMMH6WHKVNKCQ4C3FLRPQ2RPQ8BS3PUZ3256XC4Y571  VAL:  s2la4jevao83gngvmn469ehkw554apxljzw8fd21vn3c1vrqzd
WRITE BACK KEY:  9AFW3P8TV22PR64YX8BHDISE3WHHV7KLSNILFOX04EOZ8R1976  VAL:  srgbzaq32v5cwtndxsghhagr1jidzig7vbhvi8o80pbwf92zcq
WRITE BACK KEY:  X6AX5PANW0IVXKX7F16R4JR5WGFXBLLREKIYXF2RX1JW0A4699  VAL:  wjhvcbrnr97e2jk8mab1q5gsybojlwrlj4ybiu689dgtqkute0
WRITE BACK KEY:  YOM8F7QX1PGMWOC4EDN4XNXQAHYIRAXM18B4Q9Y22T67SZ3532  VAL:  djzmthz2twt8rslfbmtnx3pn4b8n7421a0hraf9pf4vf7119h1
WRITE BACK KEY:  IJO8WZBRP7EDFKU4PDH8CYJ75VE3Y7HU1XHTBYRCYMKEE72632  VAL:  vt833yp945z6bjsc7rjtwbls9pdv3a33vmwd6x9p1t2xnv0o83
WRITE BACK KEY:  O96M2BYDBKARFPBKODT6A893CMGE77H81E4USD5M6RPB2D3274  VAL:  xwdwx4oo7fbpipd1gu0r1yb9jzry4uf7poo7r2hfnsbnx9q40e
WRITE BACK KEY:  JW9OKSQ1OTTWSXZAZN38QGKT8HZ5BU2WX3FGM9OM1T59BN6387  VAL:  hudtohn1og2pocfvnyqzsb281d8s13tuc8u47stud1sro5p9pv
WRITE BACK KEY:  SRCRWYMNMCC9L6SXIZWEPBOI8TGWVRZL48U98J00IM0YNJP646  VAL:  qtbmj1lxecacf07opwezw7xxdtnjcpku5vwv1zj94n7iqflfny
WRITE BACK KEY:  IXE83A5ULWAATSLTSKG3FQP6RLLBN1GQGVSSPHE9DZ1BJ78389  VAL:  5owa1f9cjqgc93uv8kpuftcv1v1joh7xu8v9wy63l5f86l6ztc
WRITE BACK KEY:  35C7EJQRMTG4S7R6Y12NBV6NT9E4QFF4VGHWDBSHYIF31P3968  VAL:  5wttr2bq9uival3j3q2b2tmpho7ls6xsp8s4i7jf8cfgky7lu4
WRITE BACK KEY:  NB3QAV1WELPZGHDSZ4956LK7BWGSXGPO2QS3XLUU9YJKOZ7946  VAL:  s941tfy5yy53blasr3f7bv3c39sccb1zkpjjxv8gngi45qg3fl
WRITE BACK KEY:  KQ3HB331QDM5SZBREGKZ445FARWR44V1MGHGOLQ3APR2XE9550  VAL:  luuggd6vglihelcpkde5tam6zso77gmpzkseyzz8lcyln7a55k
WRITE BACK KEY:  SRLXNUAZ7AGP74F008NTHE668SJ5QXQ83L2Y48LQZNLIVA9637  VAL:  55p635w39xbtnohrpxh1sw2wxlgll92guu2qji8j8k9cn4bjeq
WRITE BACK KEY:  5EG512SRI1X9GLKMOS3X1X0WS8EJ9ZCI2FP8ZDJL6KGL7J6612  VAL:  svcoy07fglxn55cswuqtpq8pe38hq8v937d3si57j308dfo1yz
WRITE BACK KEY:  T5WIPATE4CTH4T1Q82625240W0OYEQ5R5LYSWXGTQI1ICT6826  VAL:  v3ngr54z45dghyg8bzoat4gu9la712mfxz928ug1bgtbbqjuxo
WRITE BACK KEY:  1RY0MWMME66MLRGKP2KW1ZJ2J8KJ87MI29PBKEAHQY0CF74528  VAL:  fj7dom0sqrl3mhhqogyrtmse4hmxnq1o87c1vn9vk2j7xzj0z8
WRITE BACK KEY:  1K2BGYFPYK42LCGQ20KC0TCHRKK9FGFH2W2JFR7W8JVV582398  VAL:  s021wv5q948b1s4phcrztbxipabvldoyb7jgrm3ekw0v3fx2st
WRITE BACK KEY:  Y48PLIGZ26FCPRKHULZMS4QUXWCEW2IVXFTOXNFU3BP9BX5790  VAL:  6j3zmj81n5msmhgdzfy0r09pjwhveczuiidt7fwoduk37sngzw
WRITE BACK KEY:  F9TL4USJZK5MYK1L92H8Z4OWAB8HOLLP14N1X9UKQKEBR86477  VAL:  b6euidxcqh6wxhoo1m5rv75cc4nw7qs3fsaaxffqj0p5rh8esn
WRITE BACK KEY:  0VSNRFPXEOOF0Y5IPY580AU1POCU9P3IIUDV7TAPEDRWVW4259  VAL:  msgv7ri75683evc1ef8fqq8033jwx1m46y99yhkqo9ooi79cxz
WRITE BACK KEY:  UR0Y1RRUU24I5NEDP6VN6Z8YXOCWHDGTML3HF7BBBWSU716425  VAL:  otm5kc4md4vqrertg6b0n3cq1olyw8cvxdygpuagd5zzlp5snz
WRITE BACK KEY:  U6449HRDKK3OF7B4EHTLSL4ZBPYM5BSKLX7M8WH5HZ7BYC8042  VAL:  k4t38u5p0482hkif7b11r5hrgqtaynckhw23x5xqg80ism334a
WRITE BACK KEY:  1WD62099PSQZ9FLH9H09QZMTIK2P67W849YO7IZ2BA3WCD1100  VAL:  us4qk8v96zkdkuzik8d5dkp8a4w85kisukayaoqxrkpwubhjz7
WRITE BACK KEY:  TAUXL9QEBM4IU4VWEGED9IQ1ZV8ILDB3E11UNEZUFQY03V7175  VAL:  35flsrcmungbion7gi00ymie2bfa79cmptm7k722qgqsjrp0zy
WRITE BACK KEY:  T3TGSDA9Z2O82AIH53XRTK324MGLYI8MMWRIT5AUJZISKY5112  VAL:  neqyvr3zf3v1iltobedamsh0j1huor4gh4jyjt9wp6b3xi9e0v
WRITE BACK KEY:  1Q5Z2D75ZNB3N3ITVNNUD6M7N21DCGURBYQZV0L9XQ8PMX1680  VAL:  5255an3gn7zzfgcy2sslkiyecj98qrg21wopu26p5ksub0yimx
WRITE BACK KEY:  SYDDFX0PJ120VFY2BID2XCX9826ET7KBZJ4PPFY7ZV69Q67152  VAL:  fv2nd33pzy8xhmwgnuzvxv11ormejvvjq7q8awqc91q9thv1ft
WRITE BACK KEY:  XIZYFUQUUDYV29MIKRRBJ214ZVN42U4B88197C1K53REH88730  VAL:  5zyah4f3sn7e2yvr7y8cyma37dj2io6m894kx1905i617ppgas
WRITE BACK KEY:  9UQ28WYWGHFCYGSEFDFIJTR620HKE4J98L4WAQN8U0NAMJ7696  VAL:  apxdlm6bg2p75oe9ctpv3wu36z2n7cpgb5rys6ax8iyao2fsj9
WRITE BACK KEY:  OK0QIAJ2Z2P3HZTTZKGENZ8V984AH9RG09OLMPIQVL6REM5601  VAL:  0qem24suv5y7ijh095zndulcrsebxhpigy4daby5bhbnt3mkjn
WRITE BACK KEY:  72G78NSE5FA15G0ODXN2TZATQXRUD9GJIHUFJ6FGVN0WII4436  VAL:  jbryy5sqlpyqamps6mrpfqt7pfo2ymm43u0sw3touux38k2lil
WRITE BACK KEY:  I7IGKARORYQBZRX5IGFNT9NHFTTK9DKE9N73IJTN7DF3CI7770  VAL:  nashfsfihnx7nyrpyfpn8uhhbr81o0t6o884tgbpi8ont20h5j
WRITE BACK KEY:  3EM2VXPV2AHRZJJ4UHFD8IB9C2OATAY3IQSBNKDZ7V5W261103  VAL:  p941fefw9fb5dezep59kbqnx1jd2b3yl5rr63li749356c63h9
WRITE BACK KEY:  AB2EM0A6PCSQXB8ICMJF1YZAEMXVNTT910UR3EK9LG19OX6319  VAL:  4f6ofb1vc5cx8v1yuqx2mepdtw9fmh389phrecgks1k1ovyngo
WRITE BACK KEY:  IYUZRNLACRRU98NIT02T1IDC3ZKPYQA3DS0VF18LGJC5R31969  VAL:  gk7i33csshm45eat5fjvvz7xi6sazy74wb0f4osycef9e8kwsf
WRITE BACK KEY:  6DDP6A2Y356MLIRL3NO7KJ7H5HRCIT81NPUFOJFHH779K33244  VAL:  s1xutek76kdcyv74kklgns9x9qrw0ryuui039ml6l5yvkozocp
WRITE BACK KEY:  0SC7CO946WVQ061ANPNYGV0CZI017G9JJBO1W9PV5UZJ4B9785  VAL:  0xpnlx4wdcm3a0e7hnp7155y49ow7ms2rtcn79ahxsuiqfm2mk
WRITE BACK KEY:  KXIZQHVG9CWUS8IIV9C643EO0CPI8L6LI5H8XH2RMGQCSK2376  VAL:  q7eot9w5pibg5amnz14928td7h0rpkw2slk2v834iu6ul9hi1s
WRITE BACK KEY:  NL62JQICZTMFRZ6L64OV6P1TYQ7YYEOKVYICPXWULJ0ENQ3299  VAL:  1w2t36gfi4i19p1jg1m42ydhjww2qetpkhdfzmfwxwqqyu3bwn
WRITE BACK KEY:  UE65XQAGQTXS7F5ST78HDKNCU0PABMT25OKMBDHLHCN45G2816  VAL:  lyly4elfjbedo3aruvy6yr49va88xrzyt7vr3nbomm5wt0pw06
WRITE BACK KEY:  FMUZBP2SFDVQ796I3WLKIOR2W2TL1LVLREH4LD0DEETAC2M906  VAL:  l5o4mcn8davvbtq4463h8byw1ccqzyj9esa5whij5te782ai6r
WRITE BACK KEY:  CED0272DJ54HJ3553SA44BMTLE8CWVW5XAETG75T5PGQ1E5892  VAL:  3yvfje7kp112k786rmfbfpv8pcww4z7ar7jkqz3bztwy46eno5
WRITE BACK KEY:  IH3GHQDU07IYC2V5QUJF46LKA5SXDDI9ACH6B7EWIFLLND3164  VAL:  lxafdopgnh09nz3q8mlyknsuymfoilbhj0c5snrbakc69xy0fh
WRITE BACK KEY:  SODL5PRIAS2JL0VWZE8D0PPY50IQ2IRLCTJ3KRVSQAS4QU4265  VAL:  unnvj02s5robelmplsattlt5e750prfybruigb2tn6ru3mw37u
WRITE BACK KEY:  YDADR8QCBYT3P5US90W23WJ2MLM629CM9S2AYEA0XB1D4Q3824  VAL:  zmz0y13dm69m0uamhhpeppu56b89iiyejbqxgulmq3sznkpu6k
WRITE BACK KEY:  MOKS4U09ON60LAKPO3TWO6YM7MHHSZWAZ4V46DBLSKDZSB7517  VAL:  jyoyca8epa40ilcqd13hw67w6p2ebj03njfsqym97m5upegy1c
WRITE BACK KEY:  V8D9Z8JJJ0XX68G50AEPZ5CZY1AO6HAFL0TMMLZEUQACF51189  VAL:  xzj2wo5ard32u1g415ciukf1unqtxg598rq1ddgu9ghz75y3yj
WRITE BACK KEY:  WW5PN50G6FXJV2PSO20SM9H4USYO0N7KCQG5VVORGFX1SU6826  VAL:  8zrkecatk7axicndczjzb6j653e891bodnzsq28a6425ho2jkk
WRITE BACK KEY:  AYC3Z16BFS1M7KN3DNEMM0J03KER33BDEL4QKCW7XVFQAB2540  VAL:  8exd3yotc29oamb2t2blx7mz5hd3botnnx1z0kf5z81l0urm7x
WRITE BACK KEY:  0POHZHH00VU9FWZBC0B547NS2U64M882D7Z3WI0RKNC94Y1870  VAL:  vrj2xk2y7276f627ljlp1gtadudpgheyhscbjed7xzl697ayaa
WRITE BACK KEY:  QXPHO9B3N0I5HYW2LDRLA2RQMW27RIELFUO5Y75IHPLRCE3797  VAL:  filff1b5f80nxx7l2l21rpu12pfjfhiaaldhqlg6o8hyov8jzv
WRITE BACK KEY:  TU8RLD02IDCAQCUXU28V4P39BDN1WIC33JDVM3YQ6WA18M5648  VAL:  d4dfte0uzlwtff5jh5ej9179vpk0zfyafab87r7copiqepocyx
WRITE BACK KEY:  YIBOQO4S7CEI7DQ0K4V6RAE1FOJVUHUXZAF31QA8L5QSK16134  VAL:  evz3tsam83kcapjniqacwdk01ideftdofveq0tto5ho1ttixuv
WRITE BACK KEY:  SW70NGMU56ZUOY4JT2P4ADTU45KW9WHU6XDDBA3PC00PVX1954  VAL:  zqdoufgkj7taridz9zprkbfepdyuxcc0qrc8o0qqyoxscscnjr
WRITE BACK KEY:  QGC3M8VY2DDO2WQBAG3LQYATXHR2B9XAV5JB4RASTKW3ZES638  VAL:  2ybqkytxkz4ra77w9k81a5ey2hvi6m7furfrkusqe1gqy71aq2
WRITE BACK KEY:  5ACEB895VJI2KJ0YP3JO6FYVZYS3O8IM9NLKEM4GXVQEIQ4334  VAL:  bmql50kbz6ymf7w6xnvw6ejtj8x6xsyyghye6njc9v2y0kzk3i
WRITE BACK KEY:  FVHF44GYCMSWUM5MQ128HEXENR52O724AGV21EWFIL0QI84695  VAL:  omkrh00794hnx0bajy40jlcg6u2ya34x2y26iklgm8ar9hjy2w
WRITE BACK KEY:  M3YIC52DYBXEOQGQ8LMHHUOW4EV2OLY3FQ5QAHF7HO59KC6544  VAL:  7g3m6i8yovdmfljmxn1ajxbgn5qyth0wjk4rnzapjgge82l974
WRITE BACK KEY:  IMYGK3YONGLZ4W3W4Z2ZLDTPGNHLJ8T88UEJ4AVQ1PII7D8112  VAL:  7o0r222cmmj1lujw4znr2j49ab8lq8aay5ogsanguxl0lk6wkb
