97 1.0015101432800293

81 1.000065803527832

60 1.0379230976104736

69 1.0001184940338135

59 1.0001246929168701

57 1.000176191329956

63 1.0035970211029053

68 1.0649333000183105

68 1.0027477741241455

70 1.0153298377990723

70 1.0023868083953857

61 1.0011577606201172

75 1.001392126083374

75 1.021141767501831

63 1.0095360279083252

87 1.000020980834961

83 1.0292129516601562

87 1.0000641345977783

79 1.0213901996612549

85 1.000023365020752

88 1.026998519897461

86 1.0226893424987793

85 1.0000412464141846

88 1.0000500679016113

86 1.000009536743164

88 1.0000348091125488

87 1.000030279159546

77 1.0069260597229004

86 1.0000669956207275

88 1.0000340938568115

77 1.000011682510376

89 1.0003104209899902

88 1.0000436305999756

79 1.0000314712524414

84 1.000049352645874

81 1.0000081062316895

89 1.0000627040863037

86 1.0000085830688477

86 1.0001049041748047

87 1.0000219345092773

86 1.0000097751617432

86 1.0000450611114502

86 1.000054121017456

86 1.0003530979156494

86 1.0000512599945068

86 1.0000369548797607

86 1.0000746250152588

86 1.0000121593475342

86 1.0000255107879639

86 1.0000338554382324

86 1.0001037120819092

43 1.000002384185791

223 1.026106834411621

134 1.0068416595458984

139 1.08457350730896

104 1.031106948852539

92 1.0257296562194824

102 1.0233826637268066

88 1.0097877979278564

87 1.0415208339691162

81 1.0255546569824219

74 1.044447660446167

80 1.0006306171417236

97 1.0099766254425049

80 1.0003082752227783

72 1.0150649547576904

98 1.0604326725006104

69 1.0692236423492432

97 1.0024888515472412

153 1.0091311931610107

98 1.004422903060913

93 1.0023901462554932

118 1.0056586265563965

99 1.0194032192230225

99 1.0134227275848389

68 1.0104916095733643

341 1.0007758140563965

516 1.000112533569336

570 1.0004236698150635

633 1.0013635158538818

621 1.0001142024993896

666 1.0001847743988037

642 1.0005640983581543

791 1.0005736351013184

796 1.000389575958252

810 1.0000638961791992

831 1.0001306533813477

830 1.0006389617919922

809 1.0005207061767578

828 1.0002155303955078

807 1.0002861022949219

837 1.000166893005371

645 1.0002110004425049

530 1.0002281665802002

508 1.0006134510040283

415 1.0049457550048828

537 1.0005297660827637

475 1.0000627040863037

408 1.0023508071899414

472 1.0003652572631836

509 1.001269817352295

524 1.0000455379486084

366 1.0002529621124268

471 1.0016984939575195

533 1.0002315044403076

524 1.000258445739746

564 1.001492977142334

495 1.0201137065887451

493 1.0000200271606445

402 1.0011732578277588

556 1.0014631748199463

535 1.0013306140899658

289 1.0020341873168945

205 1.0006392002105713

235 1.0001451969146729

198 1.0004730224609375

225 1.0006194114685059

658 1.0007092952728271

760 1.0016238689422607

763 1.0010652542114258

862 1.0033411979675293

814 1.001650333404541

816 1.0010411739349365

636 1.0024516582489014

229 1.0005428791046143

320 1.000248908996582

395 1.000150203704834

252 1.0004193782806396

339 1.0012810230255127

247 1.0000498294830322

465 1.0005550384521484

312 1.0015344619750977

336 1.0002765655517578

324 1.00880765914917

273 1.0019357204437256

224 1.0003199577331543

472 1.0004918575286865

131 1.0015335083007812

132 1.0005292892456055

164 1.0009188652038574

217 1.0003724098205566

154 1.0012993812561035

169 1.0004920959472656

152 1.0005605220794678

171 1.000702142715454

164 1.0007703304290771

223 1.0002341270446777

260 1.0007929801940918

613 1.0006558895111084

857 1.0004513263702393

834 1.0001873970031738

799 1.0007121562957764

748 1.0004022121429443

668 1.000523567199707

552 1.0002026557922363

441 1.0002267360687256

346 1.0006358623504639

286 1.000009536743164

253 1.0000646114349365

236 1.0002965927124023

215 1.0000712871551514

196 1.000138521194458

160 1.000159502029419

125 1.0003957748413086

90 1.0000896453857422

71 1.0001380443572998

54 1.0001070499420166

46 1.0000536441802979

33 1.000234842300415

26 1.0000033378601074

20 1.0000319480895996

12 1.000002384185791

6 1.0001225471496582

4 1.0000765323638916

2 1.000215768814087

2 1.0001428127288818

2 1.0000042915344238

